FREQ-MHZ	DB[S11]	MAG[Z1]		3.00E+08	83.8227 	0.3	4.022
	EXP1	EXP1		3.14E+08	81.1549 	0.314	4.474
				3.27E+08	75.3787 	0.327	4.942
0.1	-0.008	9.918		3.41E+08	68.7939 	0.341	5.431
0.11	-0.013	10.989		3.54E+08	62.2345 	0.354	5.943
0.12	-0.019	12.086		3.68E+08	56.2952 	0.368	6.485
0.13	-0.028	13.215		3.81E+08	51.3993 	0.381	7.059
0.14	-0.04	14.381		3.95E+08	47.7707 	0.395	7.675
0.15	-0.057	15.591		4.08E+08	45.4007 	0.408	8.337
0.16	-0.08	16.853		4.22E+08	44.0847 	0.422	9.056
0.17	-0.112	18.176		4.35E+08	43.5326 	0.435	9.839
0.18	-0.157	19.57		4.49E+08	43.3737 	0.449	10.694
0.19	-0.22	21.049		4.62E+08	43.1850 	0.462	11.626
0.2	-0.308	22.625		4.76E+08	42.7502 	0.476	12.625
0.21	-0.431	24.308		4.89E+08	42.2302 	0.489	13.661
0.22	-0.603	26.099		5.03E+08	41.6717 	0.503	14.658
0.23	-0.843	27.98		5.16E+08	42.0746 	0.516	15.482
0.24	-1.171	29.884		5.30E+08	42.9843 	0.53	15.943
0.25	-1.603	31.663		5.43E+08	44.5466 	0.543	15.877
0.26	-2.135	33.062		5.57E+08	46.4556 	0.557	15.258
0.27	-2.714	33.766		5.70E+08	48.3121 	0.57	14.246
0.28	-3.23	33.592		5.84E+08	49.7081 	0.584	13.089
0.29	-3.556	32.697		5.97E+08	50.6105 	0.597	11.997
0.3	-3.63	31.535		6.11E+08	51.4352 	0.611	11.089
0.31	-3.498	30.559		6.24E+08	52.8913 	0.624	10.405
0.32	-3.253	30.014		6.38E+08	54.9813 	0.638	9.94
0.33	-2.975	29.941		6.51E+08	57.5223 	0.651	9.665
0.34	-2.708	30.275		6.65E+08	60.4035 	0.665	9.547
0.35	-2.472	30.925		6.78E+08	62.8946 	0.678	9.552
0.36	-2.269	31.81		6.92E+08	64.8253 	0.692	9.652
0.37	-2.099	32.867		7.05E+08	66.0787 	0.705	9.824
0.38	-1.957	34.055		7.19E+08	67.3089 	0.719	10.051
0.39	-1.839	35.344		7.32E+08	68.5035 	0.732	10.319
0.4	-1.741	36.716		7.46E+08	71.3964 	0.746	10.619
0.41	-1.66	38.16		7.59E+08	73.9780 	0.759	10.944
0.42	-1.593	39.67		7.73E+08	76.9348 	0.773	11.288
0.43	-1.537	41.242		7.86E+08	79.6411 	0.786	11.647
0.44	-1.491	42.876		8.00E+08	80.8575 	0.8	12.02
0.45	-1.453	44.574		8.13E+08	81.7831 	0.813	12.404
0.46	-1.422	46.336		8.27E+08	82.3950 	0.827	12.797
0.47	-1.398	48.168		8.40E+08	82.5212 	0.84	13.199
0.48	-1.379	50.074		8.54E+08	83.4532 	0.854	13.609
0.49	-1.365	52.058		8.67E+08	85.0171 	0.867	14.027
0.5	-1.356	54.128		8.81E+08	86.2727 	0.881	14.452
0.51	-1.35	56.29		8.94E+08	87.1546 	0.894	14.885
0.52	-1.348	58.553		9.08E+08	87.2809 	0.908	15.325
0.53	-1.349	60.926		9.21E+08	86.6325 	0.921	15.773
0.54	-1.354	63.419		9.35E+08	85.1877 	0.935	16.229
0.55	-1.361	66.045		9.48E+08	84.8049 	0.948	16.693
0.56	-1.371	68.815		9.62E+08	83.4223 	0.962	17.165
0.57	-1.384	71.745		9.75E+08	82.2044 	0.975	17.646
0.58	-1.399	74.852		9.89E+08	80.7833 	0.989	18.136
0.59	-1.417	78.155		1.00E+09	78.9991 	1	18.636
0.6	-1.437	81.675		1.02E+09	76.9139 	1.02	19.146
0.61	-1.46	85.439		1.03E+09	74.3333 	1.03	19.666
0.62	-1.486	89.474		1.04E+09	71.8701 	1.04	20.198
0.63	-1.513	93.814		1.06E+09	69.7624 	1.06	20.742
0.64	-1.544	98.497		1.07E+09	67.4718 	1.07	21.298
0.65	-1.577	103.567		1.08E+09	65.2759 	1.08	21.866
0.66	-1.612	109.075		1.10E+09	62.9678 	1.10 	22.449
0.67	-1.65	115.08		1.11E+09	60.6788 	1.11 	23.046
0.68	-1.691	121.653		1.12E+09	58.3971 	1.12 	23.658
0.69	-1.735	128.873		1.14E+09	56.1446 	1.14 	24.286
0.7	-1.782	136.833		1.15E+09	54.1369 	1.15 	24.931
0.71	-1.831	145.638		1.16E+09	52.1275 	1.16 	25.593
0.72	-1.884	155.407		1.18E+09	50.2578 	1.18 	26.274
0.73	-1.941	166.269		1.19E+09	48.3590 	1.19 	26.975
0.74	-2	178.355		1.20E+09	46.5538 	1.20 	27.696
0.75	-2.064	191.785		1.22E+09	44.8898 	1.22 	28.439
0.76	-2.131	206.634		1.23E+09	43.4130 	1.23 	29.205
0.77	-2.203	222.88		1.25E+09	42.2968 	1.25 	29.994
0.78	-2.279	240.307		1.26E+09	41.2947 	1.26 	30.809
0.79	-2.359	258.376		1.27E+09	40.4715 	1.27 	31.65
0.8	-2.444	276.054		1.29E+09	39.8822 	1.29 	32.518
0.81	-2.534	291.713		1.30E+09	39.3470 	1.30 	33.415
0.82	-2.63	303.237		1.31E+09	39.4321 	1.31 	34.343
0.83	-2.731	308.529		1.33E+09	39.4843 	1.33 	35.301
0.84	-2.839	306.335		1.34E+09	40.4762 	1.34 	36.291
0.85	-2.953	296.882		1.35E+09	41.8783 	1.35 	37.315
0.86	-3.074	281.777		1.37E+09	43.4872 	1.37 	38.374
0.87	-3.202	263.27		1.38E+09	45.2764 	1.38 	39.467
0.88	-3.338	243.446		1.39E+09	47.1821 	1.39 	40.596
0.89	-3.483	223.813		1.41E+09	49.3009 	1.41 	41.76
0.9	-3.636	205.261		1.42E+09	51.7602 	1.42 	42.96
0.91	-3.799	188.213		1.43E+09	54.7854 	1.43 	44.195
0.92	-3.973	172.793		1.45E+09	58.8250 	1.45 	45.463
0.93	-4.157	158.961		1.46E+09	63.4960 	1.46 	46.762
0.94	-4.353	146.595		1.47E+09	68.7103 	1.47 	48.088
0.95	-4.561	135.548		1.49E+09	74.0916 	1.49 	49.437
0.96	-4.783	125.667		1.50E+09	79.5024 	1.50 	50.802
0.97	-5.019	116.811		1.52E+09	85.5003 	1.52 	52.176
0.98	-5.271	108.852		1.53E+09	92.4532 	1.53 	53.548
0.99	-5.539	101.682		1.54E+09	101.0049 	1.54 	54.905
1	-5.825	95.203		1.56E+09	112.3380 	1.56 	56.233
1.01	-6.131	89.338		1.57E+09	125.1545 	1.57 	57.515
1.02	-6.457	84.016		1.58E+09	140.3649 	1.58 	58.73
1.03	-6.806	79.182		1.60E+09	156.3445 	1.60 	59.856
1.04	-7.179	74.787		1.61E+09	173.7658 	1.61 	60.87
1.05	-7.579	70.793		1.62E+09	194.8958 	1.62 	61.746
1.06	-8.009	67.167		1.64E+09	221.8349 	1.64 	62.459
1.07	-8.47	63.883		1.65E+09	254.6512 	1.65 	62.988
1.08	-8.966	60.92		1.66E+09	294.5038 	1.66 	63.311
1.09	-9.501	58.261		1.68E+09	332.8039 	1.68 	63.413
1.1	-10.08	55.893		1.69E+09	358.1276 	1.69 	63.285
1.11	-10.708	53.807		1.70E+09	372.0614 	1.70 	62.924
1.12	-11.391	51.996		1.72E+09	352.3026 	1.72 	62.334
1.13	-12.139	50.455		1.73E+09	317.2576 	1.73 	61.528
1.14	-12.961	49.18		1.74E+09	279.2126 	1.74 	60.521
1.15	-13.871	48.169		1.76E+09	239.1049 	1.76 	59.338
1.16	-14.887	47.419		1.77E+09	207.1538 	1.77 	58.004
1.17	-16.035	46.927		1.79E+09	183.1860 	1.79 	56.548
1.18	-17.35	46.689		1.80E+09	163.6700 	1.80 	54.997
1.19	-18.887	46.7		1.81E+09	147.9641 	1.81 	53.379
1.2	-20.732	46.954		1.83E+09	133.3437 	1.83 	51.719
1.21	-23.04	47.444		1.84E+09	121.2192 	1.84 	50.04
1.22	-26.117	48.162		1.85E+09	109.9711 	1.85 	48.362
1.23	-30.709	49.096		1.87E+09	100.6451 	1.87 	46.701
1.24	-38.736	50.236		1.88E+09	92.2501 	1.88 	45.071
1.25	-36.035	51.571		1.89E+09	85.6020 	1.89 	43.484
1.26	-29.427	53.088		1.91E+09	79.5181 	1.91 	41.949
1.27	-25.604	54.772		1.92E+09	73.6605 	1.92 	40.471
1.28	-22.993	56.611		1.93E+09	68.1146 	1.93 	39.057
1.29	-21.032	58.588		1.95E+09	63.0703 	1.95 	37.71
1.3	-19.476	60.687		1.96E+09	58.5169 	1.96 	36.433
1.31	-18.196	62.887		1.97E+09	54.8515 	1.97 	35.227
1.32	-17.116	65.169		1.99E+09	51.4333 	1.99 	34.092
1.33	-16.188	67.507		2.00E+09	48.3008 	2.00 	33.03
1.34	-15.381	69.876		2.01E+09	45.0144 	2.01 	32.041
1.35	-14.67	72.243		2.03E+09	41.6233 	2.03 	31.123
1.36	-14.039	74.574		2.04E+09	38.2268 	2.04 	30.277
1.37	-13.475	76.832		2.06E+09	35.0756 	2.06 	29.502
1.38	-12.969	78.977		2.07E+09	32.3081 	2.07 	28.796
1.39	-12.512	80.965		2.08E+09	30.1565 	2.08 	28.16
1.4	-12.099	82.755		2.10E+09	28.2690 	2.10 	27.592
1.41	-11.723	84.304		2.11E+09	26.2204 	2.11 	27.09
1.42	-11.381	85.576		2.12E+09	24.5769 	2.12 	26.655
1.43	-11.069	86.539		2.14E+09	22.2367 	2.14 	26.284
1.44	-10.785	87.17		2.15E+09	20.2460 	2.15 	25.977
1.45	-10.524	87.454		2.16E+09	18.6254 	2.16 	25.733
1.46	-10.286	87.388		2.18E+09	17.6335 	2.18 	25.548
1.47	-10.069	86.98		2.19E+09	17.1550 	2.19 	25.424
1.48	-9.87	86.245		2.20E+09	17.2344 	2.20 	25.357
1.49	-9.688	85.209		2.22E+09	17.6734 	2.22 	25.347
1.5	-9.522	83.903		2.23E+09	18.3892 	2.23 	25.391
1.51	-9.371	82.361		2.24E+09	19.3183 	2.24 	25.489
1.52	-9.234	80.62		2.26E+09	20.3601 	2.26 	25.638
1.53	-9.109	78.717		2.27E+09	21.5045 	2.27 	25.837
1.54	-8.997	76.687		2.28E+09	23.0658 	2.29 	26.084
1.55	-8.895	74.563		2.30E+09	25.1496 	2.30 	26.379
1.56	-8.805	72.373		2.31E+09	27.9656 	2.31 	26.719
1.57	-8.724	70.144		2.33E+09	31.1414 	2.33 	27.103
1.58	-8.654	67.896		2.34E+09	34.3454 	2.34 	27.531
1.59	-8.592	65.649		2.35E+09	37.2211 	2.35 	28
1.6	-8.539	63.417		2.37E+09	39.6907 	2.37 	28.51
1.61	-8.494	61.212		2.38E+09	42.1659 	2.38 	29.06
1.62	-8.457	59.044		2.39E+09	45.2224 	2.39 	29.65
1.63	-8.428	56.921		2.41E+09	49.2866 	2.41 	30.278
1.64	-8.406	54.848		2.42E+09	54.2780 	2.42 	30.944
1.65	-8.392	52.829		2.43E+09	59.9268 	2.43 	31.649
1.66	-8.384	50.868		2.45E+09	65.4260 	2.45 	32.391
1.67	-8.383	48.967		2.46E+09	70.1374 	2.46 	33.171
1.68	-8.389	47.128		2.47E+09	74.1638 	2.47 	33.988
1.69	-8.401	45.351		2.49E+09	78.1189 	2.49 	34.844
1.7	-8.419	43.638		2.50E+09	82.9577 	2.50 	35.738
1.71	-8.444	41.99		2.51E+09	89.3137 	2.51 	36.671
1.72	-8.474	40.407		2.53E+09	96.9478 	2.53 	37.643
1.73	-8.51	38.89		2.54E+09	104.7893 	2.54 	38.656
1.74	-8.552	37.44		2.55E+09	113.4184 	2.56 	39.708
1.75	-8.599	36.059		2.57E+09	118.3030 	2.57 	40.803
1.76	-8.652	34.749		2.58E+09	121.1740 	2.58 	41.939
1.77	-8.71	33.511		2.60E+09	122.3339 	2.60 	43.119
1.78	-8.774	32.348		2.61E+09	123.2889 	2.61 	44.342
1.79	-8.842	31.264		2.62E+09	124.5616 	2.62 	45.61
1.8	-8.916	30.261		2.64E+09	127.2224 	2.64 	46.924
1.81	-8.994	29.345		2.65E+09	129.4283 	2.65 	48.284
1.82	-9.078	28.519		2.66E+09	129.3458 	2.66 	49.691
1.83	-9.165	27.788		2.68E+09	126.5402 	2.68 	51.144
1.84	-9.257	27.158		2.69E+09	121.1581 	2.69 	52.645
1.85	-9.353	26.634		2.70E+09	114.4299 	2.70 	54.193
1.86	-9.453	26.222		2.72E+09	108.4505 	2.72 	55.787
1.87	-9.557	25.925		2.73E+09	103.6131 	2.73 	57.425
1.88	-9.664	25.749		2.74E+09	99.8431 	2.74 	59.107
1.89	-9.773	25.697		2.76E+09	96.4617 	2.76 	60.828
1.9	-9.885	25.772		2.77E+09	92.9531 	2.77 	62.586
1.91	-9.999	25.976		2.78E+09	88.6768 	2.78 	64.376
1.92	-10.114	26.309		2.80E+09	83.7013 	2.80 	66.191
1.93	-10.231	26.771		2.81E+09	78.7294 	2.81 	68.025
1.94	-10.347	27.36		2.82E+09	74.8687 	2.83 	69.867
1.95	-10.462	28.076		2.84E+09	71.6250 	2.84 	71.706
1.96	-10.576	28.915		2.85E+09	68.8662 	2.85 	73.531
1.97	-10.688	29.875		2.87E+09	66.2769 	2.87 	75.325
1.98	-10.797	30.953		2.88E+09	63.3048 	2.88 	77.073
1.99	-10.901	32.147		2.89E+09	60.0637 	2.89 	78.756
2	-11.001	33.455		2.91E+09	56.8494 	2.91 	80.353
2.01	-11.094	34.875		2.92E+09	53.9720 	2.92 	81.843
2.02	-11.179	36.406		2.93E+09	51.7620 	2.93 	83.205
2.03	-11.257	38.047		2.95E+09	49.3260 	2.95 	84.417
2.04	-11.325	39.798		2.96E+09	47.3186 	2.96 	85.458
2.05	-11.383	41.658		2.97E+09	45.1855 	2.97 	86.309
2.06	-11.43	43.628		2.99E+09	42.9417 	2.99 	86.954
2.07	-11.465	45.709		3.00E+09	40.5794 	3.00 	87.381
2.08	-11.487	47.9					87.582
2.09	-11.497	50.202					87.553
2.1	-11.495	52.614					87.296
2.11	-11.479	55.135					86.818
2.12	-11.45	57.763					86.129
2.13	-11.409	60.492					85.244
2.14	-11.356	63.315					84.182
2.15	-11.292	66.221					82.962
2.16	-11.217	69.197					81.605
2.17	-11.133	72.221					80.134
2.18	-11.04	75.269					78.568
2.19	-10.94	78.309					76.929
2.2	-10.833	81.299					75.235
2.21	-10.72	84.195					73.503
2.22	-10.603	86.942					71.749
2.23	-10.482	89.483					69.986
2.24	-10.359	91.755					68.225
2.25	-10.234	93.698					66.477
2.26	-10.108	95.257					64.748
2.27	-9.981	96.386					63.046
2.28	-9.855	97.053					61.377
2.29	-9.731	97.241					59.743
2.3	-9.607	96.953					58.148
2.31	-9.486	96.21					56.595
2.32	-9.367	95.045					55.085
2.33	-9.251	93.508					53.618
2.34	-9.139	91.651					52.196
2.35	-9.029	89.534					50.818
2.36	-8.924	87.213					49.485
2.37	-8.822	84.743					48.195
2.38	-8.724	82.171					46.948
2.39	-8.63	79.541					45.743
2.4	-8.541	76.887					44.58
2.41	-8.456	74.239					43.458
2.42	-8.376	71.619					42.375
2.43	-8.3	69.045					41.332
2.44	-8.229	66.53					40.326
2.45	-8.162	64.084					39.356
2.46	-8.101	61.714					38.423
2.47	-8.044	59.423					37.526
2.48	-7.992	57.214					36.663
2.49	-7.944	55.088					35.834
2.5	-7.902	53.045					35.038
2.51	-7.865	51.083					34.275
2.52	-7.832	49.201					33.544
2.53	-7.805	47.398					32.846
2.54	-7.783	45.673					32.179
2.55	-7.766	44.022					31.544
2.56	-7.754	42.444					30.941
2.57	-7.748	40.939					30.369
2.58	-7.747	39.503					29.829
2.59	-7.752	38.136					29.321
2.6	-7.762	36.837					28.845
2.61	-7.778	35.605					28.402
2.62	-7.8	34.439					27.992
2.63	-7.828	33.34					27.616
2.64	-7.863	32.307					27.273
2.65	-7.904	31.34					26.966
2.66	-7.952	30.442					26.695
2.67	-8.006	29.611					26.46
2.68	-8.068	28.85					26.263
2.69	-8.137	28.16					26.104
2.7	-8.214	27.541					25.985
2.71	-8.299	26.996					25.905
2.72	-8.393	26.526					25.867
2.73	-8.495	26.132					25.87
2.74	-8.607	25.814					25.916
2.75	-8.728	25.574					26.006
2.76	-8.859	25.412					26.14
2.77	-9.002	25.328					26.319
2.78	-9.155	25.321					26.543
2.79	-9.32	25.389					26.812
2.8	-9.497	25.53					27.128
2.81	-9.687	25.743					27.49
2.82	-9.891	26.023					27.898
2.83	-10.109	26.366					28.351
2.84	-10.342	26.769					28.849
2.85	-10.59	27.226					29.392
2.86	-10.854	27.731					29.978
2.87	-11.135	28.278					30.605
2.88	-11.431	28.86					31.273
2.89	-11.744	29.469					31.978
2.9	-12.072	30.097					32.718
2.91	-12.414	30.736					33.489
2.92	-12.768	31.375					34.288
2.93	-13.13	32.006					35.11
2.94	-13.496	32.616					35.95
2.95	-13.858	33.194					36.801
2.96	-14.207	33.729					37.657
2.97	-14.53	34.21					38.51
2.98	-14.812	34.624					
2.99	-15.036	34.959					
3	-15.186	35.207					
