FREQ-MHZ  DB[S11]  MAG[Z1]
             EXP1     EXP1
 
 100.000   -0.008    4.022
 110.000   -0.012    4.474
 120.000   -0.018    4.942
 130.000   -0.026    5.431
 140.000   -0.038    5.943
 150.000   -0.054    6.485
 160.000   -0.077    7.059
 170.000   -0.108    7.675
 180.000   -0.152    8.337
 190.000   -0.214    9.056
 200.000   -0.301    9.839
 210.000   -0.422   10.694
 220.000   -0.593   11.626
 230.000   -0.831   12.625
 240.000   -1.157   13.661
 250.000   -1.587   14.658
 260.000   -2.118   15.482
 270.000   -2.696   15.943
 280.000   -3.213   15.877
 290.000   -3.540   15.258
 300.000   -3.616   14.246
 310.000   -3.485   13.089
 320.000   -3.241   11.997
 330.000   -2.962   11.089
 340.000   -2.694   10.405
 350.000   -2.456    9.940
 360.000   -2.252    9.665
 370.000   -2.081    9.547
 380.000   -1.937    9.552
 390.000   -1.817    9.652
 400.000   -1.717    9.824
 410.000   -1.634   10.051
 420.000   -1.564   10.319
 430.000   -1.505   10.619
 440.000   -1.457   10.944
 450.000   -1.416   11.288
 460.000   -1.383   11.647
 470.000   -1.356   12.020
 480.000   -1.334   12.404
 490.000   -1.317   12.797
 500.000   -1.304   13.199
 510.000   -1.295   13.609
 520.000   -1.290   14.027
 530.000   -1.288   14.452
 540.000   -1.288   14.885
 550.000   -1.292   15.325
 560.000   -1.298   15.773
 570.000   -1.307   16.229
 580.000   -1.318   16.693
 590.000   -1.331   17.165
 600.000   -1.347   17.646
 610.000   -1.366   18.136
 620.000   -1.386   18.636
 630.000   -1.409   19.146
 640.000   -1.435   19.666
 650.000   -1.462   20.198
 660.000   -1.493   20.742
 670.000   -1.525   21.298
 680.000   -1.561   21.866
 690.000   -1.599   22.449
 700.000   -1.640   23.046
 710.000   -1.684   23.658
 720.000   -1.731   24.286
 730.000   -1.782   24.931
 740.000   -1.835   25.593
 750.000   -1.893   26.274
 760.000   -1.954   26.975
 770.000   -2.019   27.696
 780.000   -2.088   28.439
 790.000   -2.162   29.205
 800.000   -2.240   29.994
 810.000   -2.323   30.809
 820.000   -2.412   31.650
 830.000   -2.507   32.518
 840.000   -2.607   33.415
 850.000   -2.714   34.343
 860.000   -2.828   35.301
 870.000   -2.949   36.291
 880.000   -3.078   37.315
 890.000   -3.215   38.374
 900.000   -3.361   39.467
 910.000   -3.517   40.596
 920.000   -3.682   41.760
 930.000   -3.859   42.960
 940.000   -4.047   44.195
 950.000   -4.248   45.463
 960.000   -4.462   46.762
 970.000   -4.690   48.088
 980.000   -4.934   49.437
 990.000   -5.194   50.802
 1000.00   -5.472   52.176
 1010.00   -5.769   53.548
 1020.00   -6.087   54.905
 1030.00   -6.427   56.233
 1040.00   -6.791   57.515
 1050.00   -7.181   58.730
 1060.00   -7.601   59.856
 1070.00   -8.051   60.870
 1080.00   -8.536   61.746
 1090.00   -9.059   62.459
 1100.00   -9.625   62.988
 1110.00  -10.238   63.311
 1120.00  -10.905   63.413
 1130.00  -11.633   63.285
 1140.00  -12.433   62.924
 1150.00  -13.317   62.334
 1160.00  -14.301   61.528
 1170.00  -15.408   60.521
 1180.00  -16.670   59.338
 1190.00  -18.133   58.004
 1200.00  -19.869   56.548
 1210.00  -21.997   54.997
 1220.00  -24.728   53.379
 1230.00  -28.462   51.719
 1240.00  -33.511   50.040
 1250.00  -34.232   48.362
 1260.00  -29.340   46.701
 1270.00  -25.613   45.071
 1280.00  -22.960   43.484
 1290.00  -20.949   41.949
 1300.00  -19.349   40.471
 1310.00  -18.033   39.057
 1320.00  -16.923   37.710
 1330.00  -15.970   36.433
 1340.00  -15.140   35.227
 1350.00  -14.410   34.092
 1360.00  -13.762   33.030
 1370.00  -13.183   32.041
 1380.00  -12.662   31.123
 1390.00  -12.192   30.277
 1400.00  -11.766   29.502
 1410.00  -11.379   28.796
 1420.00  -11.026   28.160
 1430.00  -10.703   27.592
 1440.00  -10.408   27.090
 1450.00  -10.139   26.655
 1460.00   -9.891   26.284
 1470.00   -9.665   25.977
 1480.00   -9.458   25.733
 1490.00   -9.268   25.548
 1500.00   -9.094   25.424
 1510.00   -8.935   25.357
 1520.00   -8.790   25.347
 1530.00   -8.659   25.391
 1540.00   -8.539   25.489
 1550.00   -8.432   25.638
 1560.00   -8.335   25.837
 1570.00   -8.248   26.084
 1580.00   -8.172   26.379
 1590.00   -8.104   26.719
 1600.00   -8.046   27.103
 1610.00   -7.997   27.531
 1620.00   -7.955   28.000
 1630.00   -7.922   28.510
 1640.00   -7.896   29.060
 1650.00   -7.878   29.650
 1660.00   -7.867   30.278
 1670.00   -7.863   30.944
 1680.00   -7.866   31.649
 1690.00   -7.876   32.391
 1700.00   -7.892   33.171
 1710.00   -7.915   33.988
 1720.00   -7.944   34.844
 1730.00   -7.980   35.738
 1740.00   -8.021   36.671
 1750.00   -8.069   37.643
 1760.00   -8.122   38.656
 1770.00   -8.182   39.708
 1780.00   -8.247   40.803
 1790.00   -8.318   41.939
 1800.00   -8.394   43.119
 1810.00   -8.476   44.342
 1820.00   -8.563   45.610
 1830.00   -8.656   46.924
 1840.00   -8.753   48.284
 1850.00   -8.855   49.691
 1860.00   -8.961   51.144
 1870.00   -9.072   52.645
 1880.00   -9.187   54.193
 1890.00   -9.305   55.787
 1900.00   -9.427   57.425
 1910.00   -9.551   59.107
 1920.00   -9.677   60.828
 1930.00   -9.805   62.586
 1940.00   -9.933   64.376
 1950.00  -10.062   66.191
 1960.00  -10.190   68.025
 1970.00  -10.315   69.867
 1980.00  -10.439   71.706
 1990.00  -10.558   73.531
 2000.00  -10.672   75.325
 2010.00  -10.780   77.073
 2020.00  -10.880   78.756
 2030.00  -10.972   80.353
 2040.00  -11.054   81.843
 2050.00  -11.125   83.205
 2060.00  -11.184   84.417
 2070.00  -11.230   85.458
 2080.00  -11.262   86.309
 2090.00  -11.280   86.954
 2100.00  -11.283   87.381
 2110.00  -11.271   87.582
 2120.00  -11.245   87.553
 2130.00  -11.205   87.296
 2140.00  -11.151   86.818
 2150.00  -11.084   86.129
 2160.00  -11.005   85.244
 2170.00  -10.915   84.182
 2180.00  -10.815   82.962
 2190.00  -10.707   81.605
 2200.00  -10.591   80.134
 2210.00  -10.468   78.568
 2220.00  -10.341   76.929
 2230.00  -10.210   75.235
 2240.00  -10.076   73.503
 2250.00   -9.940   71.749
 2260.00   -9.803   69.986
 2270.00   -9.665   68.225
 2280.00   -9.529   66.477
 2290.00   -9.393   64.748
 2300.00   -9.260   63.046
 2310.00   -9.129   61.377
 2320.00   -9.000   59.743
 2330.00   -8.875   58.148
 2340.00   -8.753   56.595
 2350.00   -8.635   55.085
 2360.00   -8.522   53.618
 2370.00   -8.412   52.196
 2380.00   -8.307   50.818
 2390.00   -8.206   49.485
 2400.00   -8.110   48.195
 2410.00   -8.019   46.948
 2420.00   -7.933   45.743
 2430.00   -7.852   44.580
 2440.00   -7.775   43.458
 2450.00   -7.704   42.375
 2460.00   -7.638   41.332
 2470.00   -7.577   40.326
 2480.00   -7.521   39.356
 2490.00   -7.470   38.423
 2500.00   -7.424   37.526
 2510.00   -7.384   36.663
 2520.00   -7.349   35.834
 2530.00   -7.319   35.038
 2540.00   -7.294   34.275
 2550.00   -7.275   33.544
 2560.00   -7.262   32.846
 2570.00   -7.254   32.179
 2580.00   -7.252   31.544
 2590.00   -7.255   30.941
 2600.00   -7.264   30.369
 2610.00   -7.280   29.829
 2620.00   -7.301   29.321
 2630.00   -7.329   28.845
 2640.00   -7.363   28.402
 2650.00   -7.404   27.992
 2660.00   -7.452   27.616
 2670.00   -7.506   27.273
 2680.00   -7.568   26.966
 2690.00   -7.638   26.695
 2700.00   -7.715   26.460
 2710.00   -7.801   26.263
 2720.00   -7.896   26.104
 2730.00   -7.999   25.985
 2740.00   -8.111   25.905
 2750.00   -8.234   25.867
 2760.00   -8.366   25.870
 2770.00   -8.510   25.916
 2780.00   -8.665   26.006
 2790.00   -8.831   26.140
 2800.00   -9.010   26.319
 2810.00   -9.203   26.543
 2820.00   -9.409   26.812
 2830.00   -9.629   27.128
 2840.00   -9.864   27.490
 2850.00  -10.115   27.898
 2860.00  -10.382   28.351
 2870.00  -10.666   28.849
 2880.00  -10.966   29.392
 2890.00  -11.282   29.978
 2900.00  -11.615   30.605
 2910.00  -11.962   31.273
 2920.00  -12.321   31.978
 2930.00  -12.689   32.718
 2940.00  -13.061   33.489
 2950.00  -13.430   34.288
 2960.00  -13.785   35.110
 2970.00  -14.114   35.950
 2980.00  -14.402   36.801
 2990.00  -14.632   37.657
 3000.00  -14.785   38.510

