FREQ-GHZ  MAG[Y1]   IM[Y1]
           SHORT2   SHORT2
 
 2.00000    0.030    0.030
 2.00500    0.031    0.031
 2.01000    0.031    0.031
 2.01500    0.032    0.031
 2.02000    0.032    0.032
 2.02500    0.032    0.032
 2.03000    0.033    0.033
 2.03500    0.033    0.033
 2.04000    0.034    0.034
 2.04500    0.034    0.034
 2.05000    0.035    0.035
 2.05500    0.035    0.035
 2.06000    0.036    0.036
 2.06500    0.036    0.036
 2.07000    0.037    0.037
 2.07500    0.038    0.038
 2.08000    0.038    0.038
 2.08500    0.039    0.039
 2.09000    0.039    0.039
 2.09500    0.040    0.040
 2.10000    0.041    0.041
 2.10500    0.041    0.041
 2.11000    0.042    0.042
 2.11500    0.043    0.043
 2.12000    0.043    0.043
 2.12500    0.044    0.044
 2.13000    0.045    0.045
 2.13500    0.046    0.046
 2.14000    0.047    0.046
 2.14500    0.047    0.047
 2.15000    0.048    0.048
 2.15500    0.049    0.049
 2.16000    0.050    0.050
 2.16500    0.051    0.051
 2.17000    0.052    0.052
 2.17500    0.053    0.053
 2.18000    0.054    0.054
 2.18500    0.055    0.055
 2.19000    0.056    0.056
 2.19500    0.057    0.057
 2.20000    0.059    0.058
 2.20500    0.060    0.060
 2.21000    0.061    0.061
 2.21500    0.062    0.062
 2.22000    0.064    0.064
 2.22500    0.065    0.065
 2.23000    0.067    0.066
 2.23500    0.068    0.068
 2.24000    0.070    0.070
 2.24500    0.072    0.071
 2.25000    0.074    0.073
 2.25500    0.075    0.075
 2.26000    0.077    0.077
 2.26500    0.080    0.079
 2.27000    0.082    0.081
 2.27500    0.084    0.083
 2.28000    0.086    0.086
 2.28500    0.089    0.088
 2.29000    0.092    0.091
 2.29500    0.095    0.094
 2.30000    0.098    0.097
 2.30500    0.101    0.100
 2.31000    0.104    0.103
 2.31500    0.108    0.107
 2.32000    0.112    0.111
 2.32500    0.116    0.115
 2.33000    0.121    0.119
 2.33500    0.126    0.124
 2.34000    0.131    0.129
 2.34500    0.137    0.134
 2.35000    0.143    0.140
 2.35500    0.150    0.147
 2.36000    0.158    0.153
 2.36500    0.166    0.161
 2.37000    0.175    0.169
 2.37500    0.185    0.179
 2.38000    0.197    0.189
 2.38500    0.209    0.200
 2.39000    0.224    0.212
 2.39500    0.240    0.225
 2.40000    0.259    0.240
 2.40500    0.280    0.257
 2.41000    0.305    0.275
 2.41500    0.335    0.294
 2.42000    0.369    0.314
 2.42500    0.409    0.333
 2.43000    0.457    0.347
 2.43500    0.511    0.351
 2.44000    0.571    0.334
 2.44500    0.631    0.280
 2.45000    0.680    0.177
 2.45500    0.703    0.031
 2.46000    0.693   -0.124
 2.46500    0.652   -0.246
 2.47000    0.595   -0.318
 2.47500    0.534   -0.348
 2.48000    0.477   -0.351
 2.48500    0.427   -0.339
 2.49000    0.384   -0.322
 2.49500    0.347   -0.302
 2.50000    0.316   -0.282
 2.50500    0.290   -0.264
 2.51000    0.267   -0.247
 2.51500    0.247   -0.231
 2.52000    0.230   -0.217
 2.52500    0.215   -0.204
 2.53000    0.201   -0.193
 2.53500    0.189   -0.182
 2.54000    0.179   -0.173
 2.54500    0.169   -0.164
 2.55000    0.161   -0.156
 2.55500    0.153   -0.149
 2.56000    0.146   -0.142
 2.56500    0.139   -0.136
 2.57000    0.133   -0.131
 2.57500    0.128   -0.126
 2.58000    0.123   -0.121
 2.58500    0.118   -0.116
 2.59000    0.114   -0.112
 2.59500    0.110   -0.108
 2.60000    0.106   -0.105
 2.60500    0.102   -0.101
 2.61000    0.099   -0.098
 2.61500    0.096   -0.095
 2.62000    0.093   -0.092
 2.62500    0.090   -0.089
 2.63000    0.087   -0.087
 2.63500    0.085   -0.084
 2.64000    0.083   -0.082
 2.64500    0.080   -0.080
 2.65000    0.078   -0.078
 2.65500    0.076   -0.076
 2.66000    0.074   -0.074
 2.66500    0.072   -0.072
 2.67000    0.071   -0.070
 2.67500    0.069   -0.069
 2.68000    0.067   -0.067
 2.68500    0.066   -0.065
 2.69000    0.064   -0.064
 2.69500    0.063   -0.063
 2.70000    0.062   -0.061
 2.70500    0.060   -0.060
 2.71000    0.059   -0.059
 2.71500    0.058   -0.058
 2.72000    0.057   -0.056
 2.72500    0.055   -0.055
 2.73000    0.054   -0.054
 2.73500    0.053   -0.053
 2.74000    0.052   -0.052
 2.74500    0.051   -0.051
 2.75000    0.050   -0.050
 2.75500    0.049   -0.049
 2.76000    0.049   -0.048
 2.76500    0.048   -0.048
 2.77000    0.047   -0.047
 2.77500    0.046   -0.046
 2.78000    0.045   -0.045
 2.78500    0.044   -0.044
 2.79000    0.044   -0.044
 2.79500    0.043   -0.043
 2.80000    0.042   -0.042
 2.80500    0.042   -0.041
 2.81000    0.041   -0.041
 2.81500    0.040   -0.040
 2.82000    0.040   -0.039
 2.82500    0.039   -0.039
 2.83000    0.038   -0.038
 2.83500    0.038   -0.038
 2.84000    0.037   -0.037
 2.84500    0.037   -0.037
 2.85000    0.036   -0.036
 2.85500    0.036   -0.035
 2.86000    0.035   -0.035
 2.86500    0.034   -0.034
 2.87000    0.034   -0.034
 2.87500    0.033   -0.033
 2.88000    0.033   -0.033
 2.88500    0.033   -0.032
 2.89000    0.032   -0.032
 2.89500    0.032   -0.032
 2.90000    0.031   -0.031
 2.90500    0.031   -0.031
 2.91000    0.030   -0.030
 2.91500    0.030   -0.030
 2.92000    0.029   -0.029
 2.92500    0.029   -0.029
 2.93000    0.029   -0.029
 2.93500    0.028   -0.028
 2.94000    0.028   -0.028
 2.94500    0.028   -0.027
 2.95000    0.027   -0.027
 2.95500    0.027   -0.027
 2.96000    0.026   -0.026
 2.96500    0.026   -0.026
 2.97000    0.026   -0.026
 2.97500    0.025   -0.025
 2.98000    0.025   -0.025
 2.98500    0.025   -0.025
 2.99000    0.024   -0.024
 2.99500    0.024   -0.024
 3.00000    0.024   -0.024

