FREQ-GHZ  DB[S11]  MAG[Z1]
             EXP1     EXP1
 
 0.00000 -6.0e-08  1.4e+10
 0.01000   -0.011  1.4e+03
 0.02000   -0.022  718.177
 0.03000   -0.033  478.166
 0.04000   -0.044  357.974
 0.05000   -0.054  285.710
 0.06000   -0.065  237.410
 0.07000   -0.075  202.803
 0.08000   -0.085  176.753
 0.09000   -0.094  156.408
 0.10000   -0.103  140.056
 0.11000   -0.112  126.608
 0.12000   -0.121  115.337
 0.13000   -0.129  105.740
 0.14000   -0.136   97.459
 0.15000   -0.143   90.229
 0.16000   -0.150   83.853
 0.17000   -0.156   78.181
 0.18000   -0.162   73.093
 0.19000   -0.168   68.498
 0.20000   -0.173   64.321
 0.21000   -0.177   60.501
 0.22000   -0.182   56.991
 0.23000   -0.185   53.748
 0.24000   -0.189   50.739
 0.25000   -0.192   47.935
 0.26000   -0.195   45.312
 0.27000   -0.197   42.849
 0.28000   -0.199   40.529
 0.29000   -0.201   38.336
 0.30000   -0.202   36.257
 0.31000   -0.204   34.281
 0.32000   -0.205   32.396
 0.33000   -0.206   30.595
 0.34000   -0.206   28.869
 0.35000   -0.207   27.211
 0.36000   -0.207   25.614
 0.37000   -0.207   24.073
 0.38000   -0.207   22.584
 0.39000   -0.207   21.140
 0.40000   -0.207   19.738
 0.41000   -0.206   18.374
 0.42000   -0.206   17.045
 0.43000   -0.205   15.747
 0.44000   -0.205   14.477
 0.45000   -0.204   13.233
 0.46000   -0.204   12.012
 0.47000   -0.203   10.811
 0.48000   -0.203    9.628
 0.49000   -0.202    8.462
 0.50000   -0.202    7.310
 0.51000   -0.201    6.171
 0.52000   -0.201    5.043
 0.53000   -0.200    3.927
 0.54000   -0.200    2.824
 0.55000   -0.200    1.746
 0.56000   -0.200    0.786
 0.57000   -0.200    0.814
 0.58000   -0.200    1.785
 0.59000   -0.200    2.864
 0.60000   -0.201    3.967
 0.61000   -0.201    5.084
 0.62000   -0.202    6.213
 0.63000   -0.203    7.353
 0.64000   -0.204    8.505
 0.65000   -0.205    9.673
 0.66000   -0.207   10.856
 0.67000   -0.208   12.058
 0.68000   -0.210   13.281
 0.69000   -0.212   14.526
 0.70000   -0.215   15.798
 0.71000   -0.217   17.098
 0.72000   -0.220   18.429
 0.73000   -0.224   19.795
 0.74000   -0.227   21.199
 0.75000   -0.231   22.645
 0.76000   -0.235   24.138
 0.77000   -0.240   25.682
 0.78000   -0.245   27.282
 0.79000   -0.250   28.944
 0.80000   -0.256   30.675
 0.81000   -0.262   32.481
 0.82000   -0.269   34.371
 0.83000   -0.276   36.354
 0.84000   -0.283   38.439
 0.85000   -0.291   40.640
 0.86000   -0.299   42.968
 0.87000   -0.308   45.441
 0.88000   -0.317   48.075
 0.89000   -0.326   50.891
 0.90000   -0.336   53.914
 0.91000   -0.347   57.173
 0.92000   -0.357   60.702
 0.93000   -0.369   64.542
 0.94000   -0.380   68.743
 0.95000   -0.392   73.366
 0.96000   -0.405   78.486
 0.97000   -0.417   84.197
 0.98000   -0.430   90.617
 0.99000   -0.444   97.899
 1.00000   -0.457  106.241
 1.01000   -0.471  115.910
 1.02000   -0.485  127.266
 1.03000   -0.498  140.813
 1.04000   -0.512  157.274
 1.05000   -0.526  177.731
 1.06000   -0.540  203.864
 1.07000   -0.553  238.432
 1.08000   -0.567  286.280
 1.09000   -0.580  356.660
 1.10000   -0.592  469.253
 1.11000   -0.605  670.977
 1.12000   -0.616  1.1e+03
 1.13000   -0.628  1.4e+03
 1.14000   -0.639  934.411
 1.15000   -0.649  604.006
 1.16000   -0.658  433.327
 1.17000   -0.667  334.913
 1.18000   -0.675  271.835
 1.19000   -0.683  228.171
 1.20000   -0.690  196.203
 1.21000   -0.696  171.790
 1.22000   -0.701  152.528
 1.23000   -0.705  136.928
 1.24000   -0.709  124.022
 1.25000   -0.712  113.157
 1.26000   -0.715  103.870
 1.27000   -0.716   95.832
 1.28000   -0.717   88.796
 1.29000   -0.718   82.578
 1.30000   -0.718   77.035
 1.31000   -0.717   72.055
 1.32000   -0.716   67.551
 1.33000   -0.714   63.451
 1.34000   -0.712   59.698
 1.35000   -0.710   56.245
 1.36000   -0.707   53.052
 1.37000   -0.704   50.086
 1.38000   -0.700   47.321
 1.39000   -0.696   44.732
 1.40000   -0.693   42.300
 1.41000   -0.689   40.007
 1.42000   -0.684   37.839
 1.43000   -0.680   35.782
 1.44000   -0.676   33.826
 1.45000   -0.671   31.959
 1.46000   -0.667   30.175
 1.47000   -0.662   28.464
 1.48000   -0.658   26.820
 1.49000   -0.653   25.236
 1.50000   -0.649   23.708
 1.51000   -0.645   22.230
 1.52000   -0.641   20.797
 1.53000   -0.637   19.406
 1.54000   -0.633   18.052
 1.55000   -0.629   16.733
 1.56000   -0.625   15.445
 1.57000   -0.622   14.186
 1.58000   -0.619   12.953
 1.59000   -0.616   11.744
 1.60000   -0.613   10.557
 1.61000   -0.610    9.391
 1.62000   -0.608    8.245
 1.63000   -0.606    7.119
 1.64000   -0.604    6.015
 1.65000   -0.603    4.938
 1.66000   -0.602    3.901
 1.67000   -0.601    2.936
 1.68000   -0.600    2.135
 1.69000   -0.600    1.732
 1.70000   -0.600    1.985
 1.71000   -0.601    2.717
 1.72000   -0.602    3.653
 1.73000   -0.603    4.677
 1.74000   -0.604    5.746
 1.75000   -0.606    6.844
 1.76000   -0.609    7.965
 1.77000   -0.612    9.107
 1.78000   -0.615   10.268
 1.79000   -0.619   11.450
 1.80000   -0.623   12.654
 1.81000   -0.627   13.881
 1.82000   -0.632   15.134
 1.83000   -0.638   16.415
 1.84000   -0.644   17.727
 1.85000   -0.651   19.072
 1.86000   -0.658   20.454
 1.87000   -0.666   21.877
 1.88000   -0.674   23.344
 1.89000   -0.683   24.860
 1.90000   -0.692   26.431
 1.91000   -0.702   28.060
 1.92000   -0.712   29.755
 1.93000   -0.724   31.521
 1.94000   -0.735   33.368
 1.95000   -0.748   35.302
 1.96000   -0.761   37.334
 1.97000   -0.774   39.474
 1.98000   -0.788   41.736
 1.99000   -0.803   44.133
 2.00000   -0.818   46.682
 2.01000   -0.834   49.402
 2.02000   -0.851   52.315
 2.03000   -0.867   55.448
 2.04000   -0.885   58.832
 2.05000   -0.903   62.503
 2.06000   -0.921   66.507
 2.07000   -0.939   70.897
 2.08000   -0.958   75.740
 2.09000   -0.977   81.116
 2.10000   -0.997   87.129
 2.11000   -1.016   93.908
 2.12000   -1.036  101.619
 2.13000   -1.055  110.480
 2.14000   -1.074  120.782
 2.15000   -1.093  132.917
 2.16000   -1.112  147.432
 2.17000   -1.131  165.107
 2.18000   -1.149  187.084
 2.19000   -1.166  215.091
 2.20000   -1.183  251.824
 2.21000   -1.198  301.577
 2.22000   -1.214  371.061
 2.23000   -1.228  468.892
 2.24000   -1.241  593.967
 2.25000   -1.253  688.342
 2.26000   -1.264  649.300
 2.27000   -1.274  525.553
 2.28000   -1.283  412.957
 2.29000   -1.290  331.197
 2.30000   -1.296  273.192
 2.31000   -1.301  231.013
 2.32000   -1.305  199.326
 2.33000   -1.308  174.782
 2.34000   -1.309  155.260
 2.35000   -1.309  139.378
 2.36000   -1.308  126.206
 2.37000   -1.306  115.101
 2.38000   -1.303  105.605
 2.39000   -1.299   97.386
 2.40000   -1.294   90.193
 2.41000   -1.289   83.840
 2.42000   -1.282   78.180
 2.43000   -1.275   73.098
 2.44000   -1.268   68.505
 2.45000   -1.259   64.328
 2.46000   -1.251   60.507
 2.47000   -1.241   56.994
 2.48000   -1.232   53.748
 2.49000   -1.222   50.736
 2.50000   -1.212   47.930
 2.51000   -1.202   45.304
 2.52000   -1.192   42.839
 2.53000   -1.182   40.517
 2.54000   -1.171   38.323
 2.55000   -1.161   36.243
 2.56000   -1.151   34.266
 2.57000   -1.141   32.382
 2.58000   -1.131   30.581
 2.59000   -1.122   28.856
 2.60000   -1.112   27.200
 2.61000   -1.103   25.606
 2.62000   -1.094   24.069
 2.63000   -1.085   22.583
 2.64000   -1.077   21.145
 2.65000   -1.069   19.750
 2.66000   -1.062   18.395
 2.67000   -1.054   17.076
 2.68000   -1.048   15.791
 2.69000   -1.041   14.536
 2.70000   -1.035   13.311
 2.71000   -1.030   12.113
 2.72000   -1.025   10.942
 2.73000   -1.020    9.796
 2.74000   -1.016    8.678
 2.75000   -1.013    7.591
 2.76000   -1.009    6.540
 2.77000   -1.007    5.537
 2.78000   -1.005    4.605
 2.79000   -1.003    3.790
 2.80000   -1.002    3.176
 2.81000   -1.002    2.888
 2.82000   -1.002    3.020
 2.83000   -1.003    3.526
 2.84000   -1.004    4.276
 2.85000   -1.006    5.170
 2.86000   -1.009    6.149
 2.87000   -1.012    7.184
 2.88000   -1.016    8.259
 2.89000   -1.020    9.366
 2.90000   -1.025   10.501
 2.91000   -1.031   11.662
 2.92000   -1.038   12.850
 2.93000   -1.045   14.065
 2.94000   -1.053   15.308
 2.95000   -1.061   16.581
 2.96000   -1.071   17.887
 2.97000   -1.081   19.228
 2.98000   -1.092   20.607
 2.99000   -1.104   22.028
 3.00000   -1.116   23.495
 3.01000   -1.130   25.011
 3.02000   -1.144   26.582
 3.03000   -1.159   28.213
 3.04000   -1.174   29.911
 3.05000   -1.191   31.680
 3.06000   -1.208   33.530
 3.07000   -1.226   35.469
 3.08000   -1.245   37.506
 3.09000   -1.265   39.652
 3.10000   -1.285   41.920
 3.11000   -1.306   44.323
 3.12000   -1.328   46.879
 3.13000   -1.351   49.606
 3.14000   -1.374   52.527
 3.15000   -1.398   55.667
 3.16000   -1.422   59.057
 3.17000   -1.447   62.734
 3.18000   -1.472   66.741
 3.19000   -1.498   71.131
 3.20000   -1.523   75.968
 3.21000   -1.549   81.332
 3.22000   -1.575   87.319
 3.23000   -1.601   94.053
 3.24000   -1.627  101.690
 3.25000   -1.652  110.432
 3.26000   -1.677  120.541
 3.27000   -1.701  132.364
 3.28000   -1.725  146.367
 3.29000   -1.748  163.184
 3.30000   -1.770  183.682
 3.31000   -1.791  209.043
 3.32000   -1.811  240.831
 3.33000   -1.829  280.874
 3.34000   -1.846  330.461
 3.35000   -1.862  387.406
 3.36000   -1.876  439.486
 3.37000   -1.888  461.707
 3.38000   -1.899  438.498
 3.39000   -1.908  386.053
 3.40000   -1.915  329.199
 3.41000   -1.920  279.838
 3.42000   -1.924  240.011
 3.43000   -1.926  208.397
 3.44000   -1.926  183.168
 3.45000   -1.924  162.770
 3.46000   -1.921  146.029
 3.47000   -1.916  132.084
 3.48000   -1.909  120.307
 3.49000   -1.902  110.235
 3.50000   -1.892  101.522
 3.51000   -1.882   93.909
 3.52000   -1.871   87.195
 3.53000   -1.858   81.224
 3.54000   -1.845   75.875
 3.55000   -1.831   71.050
 3.56000   -1.816   66.671
 3.57000   -1.801   62.673
 3.58000   -1.785   59.005
 3.59000   -1.769   55.622
 3.60000   -1.753   52.489
 3.61000   -1.736   49.575
 3.62000   -1.719   46.854
 3.63000   -1.703   44.304
 3.64000   -1.686   41.906
 3.65000   -1.669   39.644
 3.66000   -1.653   37.503
 3.67000   -1.637   35.472
 3.68000   -1.621   33.539
 3.69000   -1.606   31.694
 3.70000   -1.590   29.930
 3.71000   -1.576   28.240
 3.72000   -1.561   26.615
 3.73000   -1.547   25.051
 3.74000   -1.534   23.543
 3.75000   -1.521   22.085
 3.76000   -1.509   20.674
 3.77000   -1.498   19.305
 3.78000   -1.487   17.977
 3.79000   -1.476   16.685
 3.80000   -1.467   15.429
 3.81000   -1.458   14.205
 3.82000   -1.449   13.014
 3.83000   -1.442   11.854
 3.84000   -1.435   10.726
 3.85000   -1.428    9.633
 3.86000   -1.423    8.579
 3.87000   -1.418    7.571
 3.88000   -1.414    6.624
 3.89000   -1.411    5.758
 3.90000   -1.408    5.010
 3.91000   -1.406    4.433
 3.92000   -1.405    4.097
 3.93000   -1.405    4.058
 3.94000   -1.406    4.326
 3.95000   -1.407    4.851
 3.96000   -1.410    5.563
 3.97000   -1.413    6.404
 3.98000   -1.417    7.334
 3.99000   -1.422    8.329
 4.00000   -1.428    9.372

