FREQ-GHZ  DB[S11]  MAG[Z1]
             EXP1     EXP1
 
 0.00000 -6.9e-07  2.0e-06
 0.01000 -1.4e-06    0.583
 0.02000 -9.1e-06    1.166
 0.03000 -3.0e-05    1.752
 0.04000 -7.1e-05    2.341
 0.05000 -1.4e-04    2.933
 0.06000 -2.4e-04    3.531
 0.07000 -3.8e-04    4.135
 0.08000 -5.8e-04    4.746
 0.09000 -8.3e-04    5.366
 0.10000   -0.001    5.996
 0.11000   -0.002    6.637
 0.12000   -0.002    7.290
 0.13000   -0.003    7.957
 0.14000   -0.003    8.641
 0.15000   -0.004    9.341
 0.16000   -0.005   10.061
 0.17000   -0.006   10.803
 0.18000   -0.008   11.568
 0.19000   -0.009   12.360
 0.20000   -0.011   13.180
 0.21000   -0.013   14.033
 0.22000   -0.015   14.922
 0.23000   -0.018   15.850
 0.24000   -0.021   16.823
 0.25000   -0.024   17.844
 0.26000   -0.028   18.920
 0.27000   -0.033   20.057
 0.28000   -0.038   21.263
 0.29000   -0.043   22.546
 0.30000   -0.050   23.917
 0.31000   -0.057   25.386
 0.32000   -0.066   26.970
 0.33000   -0.075   28.682
 0.34000   -0.085   30.545
 0.35000   -0.097   32.582
 0.36000   -0.111   34.822
 0.37000   -0.126   37.303
 0.38000   -0.143   40.069
 0.39000   -0.162   43.179
 0.40000   -0.183   46.708
 0.41000   -0.207   50.753
 0.42000   -0.233   55.445
 0.43000   -0.262   60.964
 0.44000   -0.293   67.560
 0.45000   -0.327   75.597
 0.46000   -0.364   85.624
 0.47000   -0.402   98.507
 0.48000   -0.442  115.696
 0.49000   -0.482  139.818
 0.50000   -0.522  176.158
 0.51000   -0.560  237.078
 0.52000   -0.595  359.140
 0.53000   -0.626  699.995
 0.54000   -0.652  1.3e+03
 0.55000   -0.672  536.818
 0.56000   -0.686  306.825
 0.57000   -0.694  212.611
 0.58000   -0.695  162.115
 0.59000   -0.690  130.726
 0.60000   -0.681  109.327
 0.61000   -0.667   93.791
 0.62000   -0.651   81.987
 0.63000   -0.632   72.701
 0.64000   -0.611   65.194
 0.65000   -0.590   58.992
 0.66000   -0.568   53.773
 0.67000   -0.546   49.314
 0.68000   -0.525   45.453
 0.69000   -0.504   42.074
 0.70000   -0.484   39.086
 0.71000   -0.464   36.421
 0.72000   -0.446   34.025
 0.73000   -0.429   31.856
 0.74000   -0.412   29.880
 0.75000   -0.397   28.070
 0.76000   -0.382   26.402
 0.77000   -0.368   24.858
 0.78000   -0.355   23.423
 0.79000   -0.343   22.082
 0.80000   -0.332   20.826
 0.81000   -0.322   19.644
 0.82000   -0.312   18.527
 0.83000   -0.302   17.470
 0.84000   -0.294   16.466
 0.85000   -0.286   15.508
 0.86000   -0.278   14.594
 0.87000   -0.271   13.717
 0.88000   -0.264   12.875
 0.89000   -0.258   12.064
 0.90000   -0.253   11.282
 0.91000   -0.247   10.525
 0.92000   -0.242    9.791
 0.93000   -0.238    9.078
 0.94000   -0.234    8.384
 0.95000   -0.230    7.706
 0.96000   -0.226    7.045
 0.97000   -0.223    6.397
 0.98000   -0.220    5.761
 0.99000   -0.218    5.137
 1.00000   -0.215    4.523
 1.01000   -0.213    3.919
 1.02000   -0.211    3.324
 1.03000   -0.210    2.737
 1.04000   -0.209    2.162
 1.05000   -0.208    1.604
 1.06000   -0.207    1.081
 1.07000   -0.207    0.674
 1.08000   -0.207    0.654
 1.09000   -0.207    1.042
 1.10000   -0.208    1.560
 1.11000   -0.209    2.117
 1.12000   -0.210    2.692
 1.13000   -0.212    3.277
 1.14000   -0.214    3.872
 1.15000   -0.216    4.476
 1.16000   -0.219    5.090
 1.17000   -0.222    5.713
 1.18000   -0.225    6.348
 1.19000   -0.230    6.996
 1.20000   -0.234    7.657
 1.21000   -0.239    8.334
 1.22000   -0.245    9.027
 1.23000   -0.251    9.740
 1.24000   -0.258   10.473
 1.25000   -0.266   11.229
 1.26000   -0.275   12.011
 1.27000   -0.284   12.821
 1.28000   -0.295   13.662
 1.29000   -0.306   14.537
 1.30000   -0.319   15.450
 1.31000   -0.332   16.406
 1.32000   -0.348   17.409
 1.33000   -0.364   18.465
 1.34000   -0.383   19.579
 1.35000   -0.403   20.759
 1.36000   -0.425   22.013
 1.37000   -0.449   23.350
 1.38000   -0.476   24.782
 1.39000   -0.506   26.322
 1.40000   -0.538   27.984
 1.41000   -0.574   29.789
 1.42000   -0.613   31.758
 1.43000   -0.657   33.918
 1.44000   -0.704   36.303
 1.45000   -0.756   38.954
 1.46000   -0.813   41.923
 1.47000   -0.875   45.279
 1.48000   -0.943   49.106
 1.49000   -1.016   53.519
 1.50000   -1.094   58.672
 1.51000   -1.177   64.777
 1.52000   -1.265   72.133
 1.53000   -1.357   81.178
 1.54000   -1.450   92.573
 1.55000   -1.543  107.366
 1.56000   -1.635  127.292
 1.57000   -1.721  155.406
 1.58000   -1.798  197.346
 1.59000   -1.864  263.349
 1.60000   -1.916  363.842
 1.61000   -1.952  445.673
 1.62000   -1.969  382.249
 1.63000   -1.969  277.407
 1.64000   -1.950  206.154
 1.65000   -1.916  161.118
 1.66000   -1.869  131.218
 1.67000   -1.810  110.206
 1.68000   -1.744   94.716
 1.69000   -1.672   82.849
 1.70000   -1.598   73.472
 1.71000   -1.522   65.873
 1.72000   -1.447   59.586
 1.73000   -1.374   54.293
 1.74000   -1.304   49.771
 1.75000   -1.237   45.856
 1.76000   -1.173   42.430
 1.77000   -1.114   39.402
 1.78000   -1.058   36.703
 1.79000   -1.006   34.277
 1.80000   -0.957   32.083
 1.81000   -0.912   30.085
 1.82000   -0.870   28.255
 1.83000   -0.831   26.570
 1.84000   -0.795   25.012
 1.85000   -0.762   23.563
 1.86000   -0.732   22.211
 1.87000   -0.703   20.944
 1.88000   -0.677   19.753
 1.89000   -0.652   18.629
 1.90000   -0.630   17.564
 1.91000   -0.609   16.554
 1.92000   -0.590   15.591
 1.93000   -0.572   14.671
 1.94000   -0.555   13.791
 1.95000   -0.540   12.945
 1.96000   -0.526   12.132
 1.97000   -0.513   11.347
 1.98000   -0.501   10.588
 1.99000   -0.490    9.853
 2.00000   -0.480    9.139
 2.01000   -0.471    8.446
 2.02000   -0.463    7.770
 2.03000   -0.455    7.110
 2.04000   -0.448    6.466
 2.05000   -0.442    5.835
 2.06000   -0.436    5.219
 2.07000   -0.431    4.615
 2.08000   -0.427    4.024
 2.09000   -0.424    3.449
 2.10000   -0.421    2.892
 2.11000   -0.418    2.361
 2.12000   -0.417    1.873
 2.13000   -0.415    1.466
 2.14000   -0.415    1.222
 2.15000   -0.415    1.238
 2.16000   -0.415    1.505
 2.17000   -0.417    1.924
 2.18000   -0.419    2.418
 2.19000   -0.421    2.953
 2.20000   -0.424    3.512
 2.21000   -0.428    4.090
 2.22000   -0.433    4.682
 2.23000   -0.438    5.288
 2.24000   -0.444    5.906
 2.25000   -0.451    6.539
 2.26000   -0.459    7.185
 2.27000   -0.468    7.847
 2.28000   -0.478    8.525
 2.29000   -0.489    9.222
 2.30000   -0.501    9.938
 2.31000   -0.514   10.676
 2.32000   -0.529   11.439
 2.33000   -0.545   12.227
 2.34000   -0.563   13.045
 2.35000   -0.582   13.895
 2.36000   -0.603   14.781
 2.37000   -0.627   15.706
 2.38000   -0.652   16.675
 2.39000   -0.680   17.693
 2.40000   -0.710   18.764
 2.41000   -0.744   19.896
 2.42000   -0.780   21.097
 2.43000   -0.820   22.373
 2.44000   -0.864   23.736
 2.45000   -0.912   25.196
 2.46000   -0.965   26.768
 2.47000   -1.023   28.467
 2.48000   -1.086   30.312
 2.49000   -1.156   32.327
 2.50000   -1.232   34.540
 2.51000   -1.315   36.985
 2.52000   -1.406   39.705
 2.53000   -1.505   42.754
 2.54000   -1.612   46.200
 2.55000   -1.728   50.132
 2.56000   -1.852   54.663
 2.57000   -1.985   59.949
 2.58000   -2.126   66.198
 2.59000   -2.272   73.697
 2.60000   -2.423   82.856
 2.61000   -2.575   94.263
 2.62000   -2.724  108.778
 2.63000   -2.867  127.656
 2.64000   -2.997  152.614
 2.65000   -3.109  185.403
 2.66000   -3.198  225.094
 2.67000   -3.259  259.896
 2.68000   -3.290  264.799
 2.69000   -3.289  235.030
 2.70000   -3.257  194.787
 2.71000   -3.197  159.969
 2.72000   -3.112  133.206
 2.73000   -3.008  112.998
 2.74000   -2.889   97.536
 2.75000   -2.762   85.452
 2.76000   -2.629   75.800
 2.77000   -2.495   67.933
 2.78000   -2.363   61.405
 2.79000   -2.235   55.903
 2.80000   -2.112   51.200
 2.81000   -1.995   47.132
 2.82000   -1.885   43.575
 2.83000   -1.782   40.435
 2.84000   -1.686   37.639
 2.85000   -1.597   35.130
 2.86000   -1.515   32.864
 2.87000   -1.438   30.803
 2.88000   -1.368   28.918
 2.89000   -1.303   27.185
 2.90000   -1.243   25.584
 2.91000   -1.187   24.098
 2.92000   -1.136   22.713
 2.93000   -1.089   21.417
 2.94000   -1.046   20.199
 2.95000   -1.006   19.052
 2.96000   -0.969   17.967
 2.97000   -0.935   16.937
 2.98000   -0.904   15.958
 2.99000   -0.875   15.024
 3.00000   -0.848   14.131
 3.01000   -0.824   13.274
 3.02000   -0.801   12.451
 3.03000   -0.780   11.658
 3.04000   -0.761   10.893
 3.05000   -0.743   10.152
 3.06000   -0.727    9.435
 3.07000   -0.713    8.739
 3.08000   -0.699    8.063
 3.09000   -0.687    7.404
 3.10000   -0.676    6.763
 3.11000   -0.667    6.139
 3.12000   -0.658    5.531
 3.13000   -0.650    4.940
 3.14000   -0.643    4.367
 3.15000   -0.638    3.816
 3.16000   -0.633    3.292
 3.17000   -0.629    2.806
 3.18000   -0.626    2.376
 3.19000   -0.624    2.035
 3.20000   -0.623    1.831
 3.21000   -0.623    1.807
 3.22000   -0.624    1.972
 3.23000   -0.626    2.284
 3.24000   -0.629    2.696
 3.25000   -0.632    3.171
 3.26000   -0.637    3.687
 3.27000   -0.642    4.233
 3.28000   -0.649    4.801
 3.29000   -0.657    5.388
 3.30000   -0.666    5.992
 3.31000   -0.676    6.612
 3.32000   -0.688    7.250
 3.33000   -0.701    7.904
 3.34000   -0.715    8.576
 3.35000   -0.731    9.267
 3.36000   -0.749    9.980
 3.37000   -0.768   10.714
 3.38000   -0.789   11.474
 3.39000   -0.813   12.260
 3.40000   -0.838   13.075
 3.41000   -0.866   13.923
 3.42000   -0.897   14.807
 3.43000   -0.930   15.731
 3.44000   -0.967   16.698
 3.45000   -1.007   17.714
 3.46000   -1.051   18.783
 3.47000   -1.099   19.914
 3.48000   -1.151   21.111
 3.49000   -1.208   22.384
 3.50000   -1.271   23.743
 3.51000   -1.340   25.198
 3.52000   -1.415   26.763
 3.53000   -1.498   28.453
 3.54000   -1.588   30.287
 3.55000   -1.687   32.287
 3.56000   -1.795   34.479
 3.57000   -1.913   36.897
 3.58000   -2.041   39.580
 3.59000   -2.182   42.578
 3.60000   -2.334   45.953
 3.61000   -2.498   49.785
 3.62000   -2.675   54.174
 3.63000   -2.863   59.250
 3.64000   -3.062   65.186
 3.65000   -3.269   72.206
 3.66000   -3.482   80.606
 3.67000   -3.697   90.769
 3.68000   -3.907  103.171
 3.69000   -4.106  118.320
 3.70000   -4.286  136.511
 3.71000   -4.438  157.113
 3.72000   -4.554  177.089
 3.73000   -4.628  189.908
 3.74000   -4.654  188.973
 3.75000   -4.633  174.836
 3.76000   -4.566  154.498
 3.77000   -4.459  134.102
 3.78000   -4.319  116.288
 3.79000   -4.153  101.509
 3.80000   -3.970   89.415
 3.81000   -3.777   79.497
 3.82000   -3.581   71.289
 3.83000   -3.386   64.420
 3.84000   -3.195   58.603
 3.85000   -3.013   53.621
 3.86000   -2.839   49.308
 3.87000   -2.676   45.539
 3.88000   -2.523   42.216
 3.89000   -2.381   39.261
 3.90000   -2.250   36.614
 3.91000   -2.128   34.227
 3.92000   -2.015   32.061
 3.93000   -1.912   30.084
 3.94000   -1.816   28.270
 3.95000   -1.729   26.597
 3.96000   -1.648   25.047
 3.97000   -1.574   23.606
 3.98000   -1.505   22.260
 3.99000   -1.442   20.998
 4.00000   -1.384   19.811

