FREQ-MHZ	DB[S11]	MAG[Z1]
	EXP1	EXP1
		
5.00E-07	-10.495	27
10	-10.494	26.998
20	-10.493	26.999
30	-10.493	27.003
40	-10.494	27.009
50	-10.495	27.018
60	-10.497	27.029
70	-10.499	27.043
80	-10.502	27.06
90	-10.505	27.08
100	-10.509	27.102
110	-10.514	27.127
120	-10.519	27.154
130	-10.525	27.185
140	-10.532	27.217
150	-10.539	27.253
160	-10.547	27.291
170	-10.555	27.332
180	-10.564	27.375
190	-10.573	27.421
200	-10.583	27.469
210	-10.594	27.52
220	-10.605	27.574
230	-10.617	27.63
240	-10.63	27.689
250	-10.643	27.75
260	-10.657	27.814
270	-10.671	27.88
280	-10.686	27.949
290	-10.702	28.02
300	-10.718	28.094
310	-10.735	28.17
320	-10.753	28.249
330	-10.771	28.33
340	-10.79	28.413
350	-10.81	28.499
360	-10.83	28.588
370	-10.851	28.678
380	-10.872	28.771
390	-10.895	28.867
400	-10.917	28.965
410	-10.941	29.065
420	-10.965	29.167
430	-10.99	29.272
440	-11.016	29.379
450	-11.042	29.488
460	-11.069	29.6
470	-11.097	29.713
480	-11.125	29.829
490	-11.154	29.947
500	-11.184	30.067
510	-11.215	30.19
520	-11.246	30.314
530	-11.278	30.441
540	-11.311	30.569
550	-11.345	30.7
560	-11.379	30.833
570	-11.414	30.967
580	-11.45	31.104
590	-11.487	31.243
600	-11.525	31.384
610	-11.563	31.526
620	-11.602	31.671
630	-11.642	31.817
640	-11.683	31.965
650	-11.725	32.115
660	-11.767	32.267
670	-11.811	32.421
680	-11.855	32.576
690	-11.9	32.734
700	-11.946	32.892
710	-11.993	33.053
720	-12.041	33.215
730	-12.09	33.379
740	-12.14	33.544
750	-12.19	33.711
760	-12.242	33.88
770	-12.295	34.05
780	-12.348	34.222
790	-12.403	34.395
800	-12.459	34.569
810	-12.516	34.745
820	-12.573	34.922
830	-12.632	35.1
840	-12.692	35.28
850	-12.753	35.461
860	-12.816	35.643
870	-12.879	35.826
880	-12.944	36.011
890	-13.009	36.197
900	-13.076	36.383
910	-13.144	36.571
920	-13.214	36.759
930	-13.284	36.949
940	-13.356	37.139
950	-13.43	37.331
960	-13.504	37.523
970	-13.58	37.716
980	-13.658	37.909
990	-13.736	38.103
1000	-13.817	38.298
1010	-13.898	38.494
1020	-13.982	38.69
1030	-14.066	38.886
1040	-14.153	39.083
1050	-14.241	39.28
1060	-14.33	39.477
1070	-14.421	39.675
1080	-14.514	39.873
1090	-14.609	40.071
1100	-14.705	40.269
1110	-14.804	40.467
1120	-14.904	40.665
1130	-15.006	40.862
1140	-15.11	41.06
1150	-15.216	41.257
1160	-15.324	41.454
1170	-15.434	41.651
1180	-15.547	41.847
1190	-15.661	42.043
1200	-15.778	42.238
1210	-15.898	42.432
1220	-16.019	42.626
1230	-16.144	42.818
1240	-16.27	43.01
1250	-16.4	43.201
1260	-16.532	43.391
1270	-16.667	43.579
1280	-16.805	43.767
1290	-16.946	43.953
1300	-17.09	44.137
1310	-17.237	44.32
1320	-17.388	44.502
1330	-17.542	44.682
1340	-17.699	44.86
1350	-17.861	45.036
1360	-18.026	45.211
1370	-18.195	45.383
1380	-18.368	45.554
1390	-18.546	45.722
1400	-18.728	45.888
1410	-18.914	46.051
1420	-19.106	46.212
1430	-19.303	46.371
1440	-19.505	46.527
1450	-19.713	46.68
1460	-19.927	46.83
1470	-20.146	46.978
1480	-20.373	47.123
1490	-20.606	47.264
1500	-20.846	47.402
1510	-21.095	47.537
1520	-21.351	47.669
1530	-21.616	47.798
1540	-21.889	47.923
1550	-22.173	48.044
1560	-22.467	48.162
1570	-22.772	48.276
1580	-23.089	48.386
1590	-23.419	48.492
1600	-23.763	48.594
1610	-24.121	48.693
1620	-24.496	48.787
1630	-24.888	48.877
1640	-25.3	48.963
1650	-25.733	49.045
1660	-26.19	49.122
1670	-26.672	49.195
1680	-27.184	49.264
1690	-27.728	49.328
1700	-28.31	49.387
1710	-28.933	49.442
1720	-29.606	49.492
1730	-30.335	49.538
1740	-31.131	49.579
1750	-32.007	49.615
1760	-32.982	49.647
1770	-34.078	49.674
1780	-35.33	49.696
1790	-36.787	49.713
1800	-38.525	49.725
1810	-40.669	49.733
1820	-43.423	49.735
1830	-47.066	49.733
1840	-50.816	49.726
1850	-49.441	49.715
1860	-45.391	49.698
1870	-42.157	49.677
1880	-39.697	49.651
1890	-37.748	49.62
1900	-36.143	49.584
1910	-34.783	49.544
1920	-33.604	49.499
1930	-32.565	49.449
1940	-31.636	49.395
1950	-30.797	49.336
1960	-30.032	49.273
1970	-29.33	49.205
1980	-28.681	49.133
1990	-28.078	49.056
2000	-27.514	48.976
2010	-26.986	48.89
2020	-26.488	48.801
2030	-26.019	48.708
2040	-25.574	48.61
2050	-25.152	48.509
2060	-24.75	48.403
2070	-24.366	48.294
2080	-24	48.181
2090	-23.65	48.064
2100	-23.313	47.944
2110	-22.991	47.82
2120	-22.68	47.693
2130	-22.381	47.562
2140	-22.093	47.428
2150	-21.815	47.291
2160	-21.547	47.151
2170	-21.287	47.007
2180	-21.036	46.861
2190	-20.792	46.712
2200	-20.556	46.56
2210	-20.328	46.405
2220	-20.105	46.248
2230	-19.89	46.088
2240	-19.68	45.926
2250	-19.476	45.762
2260	-19.277	45.595
2270	-19.084	45.426
2280	-18.896	45.255
2290	-18.713	45.082
2300	-18.534	44.907
2310	-18.359	44.731
2320	-18.189	44.553
2330	-18.023	44.373
2340	-17.861	44.191
2350	-17.703	44.008
2360	-17.548	43.824
2370	-17.397	43.639
2380	-17.249	43.452
2390	-17.104	43.264
2400	-16.963	43.075
2410	-16.825	42.885
2420	-16.689	42.695
2430	-16.557	42.503
2440	-16.427	42.311
2450	-16.3	42.118
2460	-16.176	41.924
2470	-16.054	41.73
2480	-15.934	41.536
2490	-15.817	41.341
2500	-15.703	41.146
2510	-15.59	40.95
2520	-15.48	40.755
2530	-15.372	40.559
2540	-15.266	40.364
2550	-15.162	40.168
2560	-15.06	39.972
2570	-14.96	39.777
2580	-14.862	39.582
2590	-14.765	39.387
2600	-14.671	39.192
2610	-14.578	38.998
2620	-14.487	38.804
2630	-14.398	38.611
2640	-14.31	38.418
2650	-14.224	38.226
2660	-14.14	38.035
2670	-14.057	37.844
2680	-13.976	37.654
2690	-13.896	37.464
2700	-13.817	37.276
2710	-13.74	37.088
2720	-13.665	36.902
2730	-13.591	36.716
2740	-13.518	36.531
2750	-13.446	36.348
2760	-13.376	36.165
2770	-13.307	35.984
2780	-13.239	35.803
2790	-13.173	35.624
2800	-13.107	35.446
2810	-13.043	35.27
2820	-12.98	35.095
2830	-12.919	34.921
2840	-12.858	34.748
2850	-12.799	34.577
2860	-12.74	34.407
2870	-12.683	34.239
2880	-12.627	34.072
2890	-12.572	33.907
2900	-12.517	33.744
2910	-12.464	33.582
2920	-12.412	33.421
2930	-12.361	33.263
2940	-12.311	33.106
2950	-12.262	32.95
2960	-12.213	32.797
2970	-12.166	32.645
2980	-12.12	32.495
2990	-12.074	32.346
3000	-12.03	32.2
3010	-11.986	32.056
3020	-11.943	31.913
3030	-11.902	31.772
3040	-11.861	31.633
3050	-11.82	31.496
3060	-11.781	31.362
3070	-11.743	31.229
3080	-11.705	31.098
3090	-11.668	30.969
3100	-11.632	30.842
3110	-11.597	30.717
3120	-11.563	30.595
3130	-11.529	30.474
3140	-11.496	30.356
3150	-11.464	30.24
3160	-11.433	30.126
3170	-11.402	30.014
3180	-11.372	29.904
3190	-11.343	29.797
3200	-11.315	29.692
3210	-11.287	29.589
3220	-11.26	29.489
3230	-11.234	29.39
3240	-11.209	29.294
3250	-11.184	29.201
3260	-11.16	29.109
3270	-11.137	29.02
3280	-11.114	28.934
3290	-11.092	28.85
3300	-11.071	28.768
3310	-11.05	28.689
3320	-11.03	28.612
3330	-11.011	28.537
3340	-10.992	28.465
3350	-10.975	28.396
3360	-10.957	28.328
3370	-10.941	28.264
3380	-10.925	28.202
3390	-10.91	28.142
3400	-10.895	28.085
3410	-10.881	28.031
3420	-10.868	27.979
3430	-10.855	27.929
3440	-10.843	27.882
3450	-10.831	27.838
3460	-10.821	27.796
3470	-10.81	27.757
3480	-10.801	27.721
3490	-10.792	27.687
3500	-10.784	27.655
3510	-10.776	27.626
3520	-10.769	27.6
3530	-10.763	27.577
3540	-10.757	27.556
3550	-10.752	27.538
3560	-10.747	27.522
3570	-10.743	27.509
3580	-10.74	27.498
3590	-10.737	27.491
3600	-10.735	27.486
3610	-10.734	27.483
3620	-10.733	27.483
3630	-10.733	27.486
3640	-10.733	27.491
3650	-10.734	27.499
3660	-10.736	27.51
3670	-10.738	27.523
3680	-10.741	27.539
3690	-10.744	27.558
3700	-10.748	27.579
3710	-10.753	27.603
3720	-10.758	27.629
3730	-10.764	27.658
3740	-10.771	27.69
3750	-10.778	27.724
3760	-10.786	27.761
3770	-10.794	27.8
3780	-10.803	27.842
3790	-10.813	27.886
3800	-10.823	27.933
3810	-10.834	27.983
3820	-10.846	28.035
3830	-10.858	28.09
3840	-10.871	28.147
3850	-10.885	28.207
3860	-10.899	28.269
3870	-10.914	28.334
3880	-10.929	28.401
3890	-10.945	28.47
3900	-10.962	28.542
3910	-10.98	28.617
3920	-10.998	28.694
3930	-11.016	28.773
3940	-11.036	28.855
3950	-11.056	28.939
3960	-11.077	29.026
3970	-11.098	29.115
3980	-11.121	29.206
3990	-11.144	29.299
4000	-11.167	29.395
