Flow report for digitallab4
Wed Nov 15 20:17:26 2023
Quartus Prime Version 20.1.1 Build 720 11/11/2020 SJ Lite Edition


---------------------
; Table of Contents ;
---------------------
  1. Legal Notice
  2. Flow Summary
  3. Flow Settings
  4. Flow Non-Default Global Settings
  5. Flow Elapsed Time
  6. Flow OS Summary
  7. Flow Log
  8. Flow Messages
  9. Flow Suppressed Messages



----------------
; Legal Notice ;
----------------
Copyright (C) 2020  Intel Corporation. All rights reserved.
Your use of Intel Corporation's design tools, logic functions 
and other software and tools, and any partner logic 
functions, and any output files from any of the foregoing 
(including device programming or simulation files), and any 
associated documentation or information are expressly subject 
to the terms and conditions of the Intel Program License 
Subscription Agreement, the Intel Quartus Prime License Agreement,
the Intel FPGA IP License Agreement, or other applicable license
agreement, including, without limitation, that your use is for
the sole purpose of programming logic devices manufactured by
Intel and sold by Intel or its authorized distributors.  Please
refer to the applicable agreement for further details, at
https://fpgasoftware.intel.com/eula.



+-------------------------------------------------------------------------------+
; Flow Summary                                                                  ;
+---------------------------------+---------------------------------------------+
; Flow Status                     ; Successful - Wed Nov 15 20:17:18 2023       ;
; Quartus Prime Version           ; 20.1.1 Build 720 11/11/2020 SJ Lite Edition ;
; Revision Name                   ; digitallab4                                 ;
; Top-level Entity Name           ; BlockDiagram                                ;
; Family                          ; Cyclone V                                   ;
; Device                          ; 5CSEMA5F31C6                                ;
; Timing Models                   ; Final                                       ;
; Logic utilization (in ALMs)     ; 86 / 32,070 ( < 1 % )                       ;
; Total registers                 ; 102                                         ;
; Total pins                      ; 8 / 457 ( 2 % )                             ;
; Total virtual pins              ; 0                                           ;
; Total block memory bits         ; 512 / 4,065,280 ( < 1 % )                   ;
; Total DSP Blocks                ; 0 / 87 ( 0 % )                              ;
; Total HSSI RX PCSs              ; 0                                           ;
; Total HSSI PMA RX Deserializers ; 0                                           ;
; Total HSSI TX PCSs              ; 0                                           ;
; Total HSSI PMA TX Serializers   ; 0                                           ;
; Total PLLs                      ; 0 / 6 ( 0 % )                               ;
; Total DLLs                      ; 0 / 4 ( 0 % )                               ;
+---------------------------------+---------------------------------------------+


+-----------------------------------------+
; Flow Settings                           ;
+-------------------+---------------------+
; Option            ; Setting             ;
+-------------------+---------------------+
; Start date & time ; 11/15/2023 20:16:04 ;
; Main task         ; Compilation         ;
; Revision Name     ; digitallab4         ;
+-------------------+---------------------+


+--------------------------------------------------------------------------------------------------------------------------+
; Flow Non-Default Global Settings                                                                                         ;
+-------------------------------------+----------------------------------------+---------------+--------------+------------+
; Assignment Name                     ; Value                                  ; Default Value ; Entity Name  ; Section Id ;
+-------------------------------------+----------------------------------------+---------------+--------------+------------+
; COMPILER_SIGNATURE_ID               ; 71205088909419.170005056422744         ; --            ; --           ; --         ;
; MAX_CORE_JUNCTION_TEMP              ; 85                                     ; --            ; --           ; --         ;
; MIN_CORE_JUNCTION_TEMP              ; 0                                      ; --            ; --           ; --         ;
; MISC_FILE                           ; LEDpattern.bsf                         ; --            ; --           ; --         ;
; MISC_FILE                           ; LEDpattern_bb.v                        ; --            ; --           ; --         ;
; OUTPUT_IO_TIMING_FAR_END_VMEAS      ; Half Signal Swing                      ; --            ; --           ; --         ;
; OUTPUT_IO_TIMING_FAR_END_VMEAS      ; Half Signal Swing                      ; --            ; --           ; --         ;
; OUTPUT_IO_TIMING_NEAR_END_VMEAS     ; Half Vccio                             ; --            ; --           ; --         ;
; OUTPUT_IO_TIMING_NEAR_END_VMEAS     ; Half Vccio                             ; --            ; --           ; --         ;
; PARTITION_COLOR                     ; -- (Not supported for targeted family) ; --            ; BlockDiagram ; Top        ;
; PARTITION_FITTER_PRESERVATION_LEVEL ; -- (Not supported for targeted family) ; --            ; BlockDiagram ; Top        ;
; PARTITION_NETLIST_TYPE              ; -- (Not supported for targeted family) ; --            ; BlockDiagram ; Top        ;
; PROJECT_OUTPUT_DIRECTORY            ; output_files                           ; --            ; --           ; --         ;
; TOP_LEVEL_ENTITY                    ; BlockDiagram                           ; digitallab4   ; --           ; --         ;
+-------------------------------------+----------------------------------------+---------------+--------------+------------+


+--------------------------------------------------------------------------------------------------------------------------+
; Flow Elapsed Time                                                                                                        ;
+----------------------+--------------+-------------------------+---------------------+------------------------------------+
; Module Name          ; Elapsed Time ; Average Processors Used ; Peak Virtual Memory ; Total CPU Time (on all processors) ;
+----------------------+--------------+-------------------------+---------------------+------------------------------------+
; Analysis & Synthesis ; 00:00:12     ; 1.0                     ; 4880 MB             ; 00:00:12                           ;
; Fitter               ; 00:00:49     ; 1.1                     ; 7164 MB             ; 00:01:02                           ;
; Assembler            ; 00:00:11     ; 1.0                     ; 4837 MB             ; 00:00:06                           ;
; Timing Analyzer      ; 00:00:07     ; 1.4                     ; 5237 MB             ; 00:00:05                           ;
; Total                ; 00:01:19     ; --                      ; --                  ; 00:01:25                           ;
+----------------------+--------------+-------------------------+---------------------+------------------------------------+


+------------------------------------------------------------------------------------+
; Flow OS Summary                                                                    ;
+----------------------+------------------+------------+------------+----------------+
; Module Name          ; Machine Hostname ; OS Name    ; OS Version ; Processor type ;
+----------------------+------------------+------------+------------+----------------+
; Analysis & Synthesis ; 木馬病毒         ; Windows 10 ; 10.0       ; x86_64         ;
; Fitter               ; 木馬病毒         ; Windows 10 ; 10.0       ; x86_64         ;
; Assembler            ; 木馬病毒         ; Windows 10 ; 10.0       ; x86_64         ;
; Timing Analyzer      ; 木馬病毒         ; Windows 10 ; 10.0       ; x86_64         ;
+----------------------+------------------+------------+------------+----------------+


------------
; Flow Log ;
------------
quartus_map --read_settings_files=on --write_settings_files=off digitallab4 -c digitallab4
quartus_fit --read_settings_files=off --write_settings_files=off digitallab4 -c digitallab4
quartus_asm --read_settings_files=off --write_settings_files=off digitallab4 -c digitallab4
quartus_sta digitallab4 -c digitallab4



